<?xml version="1.0" encoding="UTF-8"?>
<!-- Generated by org.testng.reporters.JUnitReportReporter -->
<testsuite hostname="Sakilroly" failures="0" tests="1" name="com.qa.Testcases.ProductSearchTest" time="13.841" errors="0" timestamp="2024-01-08T18:54:25 CST" skipped="0">
  <testcase classname="com.qa.Testcases.ProductSearchTest" name="searchProduct" time="13.841"/>
</testsuite> <!-- com.qa.Testcases.ProductSearchTest -->
